\BOOKMARK [0][-]{chapter.1}{Introduction}{}% 1
\BOOKMARK [1][-]{section.1.1}{Objet du document}{chapter.1}% 2
\BOOKMARK [1][-]{section.1.2}{R\351f\351rents}{chapter.1}% 3
\BOOKMARK [1][-]{section.1.3}{Phases du projets}{chapter.1}% 4
\BOOKMARK [1][-]{section.1.4}{Terminologie}{chapter.1}% 5
\BOOKMARK [0][-]{chapter.2}{L'outil Excel}{}% 6
\BOOKMARK [1][-]{section.2.1}{Pr\351sentation g\351n\351rale}{chapter.2}% 7
\BOOKMARK [2][-]{subsection.2.1.1}{Feuille Consolid\351}{section.2.1}% 8
\BOOKMARK [2][-]{subsection.2.1.2}{Feuille Projets}{section.2.1}% 9
\BOOKMARK [2][-]{subsection.2.1.3}{Feuille Probable}{section.2.1}% 10
\BOOKMARK [2][-]{subsection.2.1.4}{Feuille Autres}{section.2.1}% 11
\BOOKMARK [2][-]{subsection.2.1.5}{Feuille Commandes}{section.2.1}% 12
\BOOKMARK [1][-]{section.2.2}{Utilisation}{chapter.2}% 13
\BOOKMARK [2][-]{subsection.2.2.1}{Quand ?}{section.2.2}% 14
\BOOKMARK [2][-]{subsection.2.2.2}{Qui ?}{section.2.2}% 15
\BOOKMARK [2][-]{subsection.2.2.3}{Comment ?}{section.2.2}% 16
\BOOKMARK [1][-]{section.2.3}{But de l'adaptation en application web}{chapter.2}% 17
\BOOKMARK [0][-]{chapter.3}{User Requirements Specification}{}% 18
\BOOKMARK [1][-]{section.3.1}{D\351finition}{chapter.3}% 19
\BOOKMARK [1][-]{section.3.2}{Priorit\351}{chapter.3}% 20
\BOOKMARK [1][-]{section.3.3}{Fonctionnalit\351s obligatoires}{chapter.3}% 21
\BOOKMARK [2][-]{subsection.3.3.1}{Explication g\351n\351rale \(1\)}{section.3.3}% 22
\BOOKMARK [2][-]{subsection.3.3.2}{Organisation \(1\)}{section.3.3}% 23
\BOOKMARK [2][-]{subsection.3.3.3}{Formulaire}{section.3.3}% 24
\BOOKMARK [1][-]{section.3.4}{Fonctionnalit\351s optionnelles}{chapter.3}% 25
\BOOKMARK [2][-]{subsection.3.4.1}{Explication g\351n\351rale \(2\)}{section.3.4}% 26
\BOOKMARK [2][-]{subsection.3.4.2}{Organisation \(2\)}{section.3.4}% 27
\BOOKMARK [1][-]{section.3.5}{Fonctionnalit\351s futures}{chapter.3}% 28
\BOOKMARK [2][-]{subsection.3.5.1}{Explication g\351n\351rale \(3\)}{section.3.5}% 29
\BOOKMARK [2][-]{subsection.3.5.2}{Organisation \(3\)}{section.3.5}% 30
\BOOKMARK [0][-]{chapter.4}{Software Design Description}{}% 31
\BOOKMARK [1][-]{section.4.1}{D\351finition}{chapter.4}% 32
\BOOKMARK [1][-]{section.4.2}{Diagramme de cas d'utilisation}{chapter.4}% 33
\BOOKMARK [1][-]{section.4.3}{Diagramme de classes}{chapter.4}% 34
\BOOKMARK [1][-]{section.4.4}{Ergonomie}{chapter.4}% 35
\BOOKMARK [0][-]{chapter.5}{Annexes}{}% 36
